[33mTest results:[0m
[34mgiven -> Test name 'scenario -> Happy path scenario' (/Users/karu/Sources/fixer/deps/tester/examples/test_regex.c++ 19:9)[0m
[34mwhen -> Checking if it matches pattern 'scenario.*Happy' (/Users/karu/Sources/fixer/deps/tester/examples/test_regex.c++ 21:13)[0m
[34mthen -> It should match (/Users/karu/Sources/fixer/deps/tester/examples/test_regex.c++ 23:17)[0m
[32mrequire [M=std::equal_to, A=bool, E=bool]
  actual:   true
  expected: true
  location: /Users/karu/Sources/fixer/deps/tester/examples/test_regex.c++ 26:21[0m
[44mauto regex_test::feature()[0m
[34mscenario -> Regex pattern 'scenario.*Failure' matches Failure path scenario (/Users/karu/Sources/fixer/deps/tester/examples/test_regex.c++ 32:5)[0m
[34mgiven -> Test name 'scenario -> Failure path scenario' (/Users/karu/Sources/fixer/deps/tester/examples/test_regex.c++ 35:9)[0m
[34mwhen -> Checking if it matches pattern 'scenario.*Failure' (/Users/karu/Sources/fixer/deps/tester/examples/test_regex.c++ 37:13)[0m
[34mthen -> It should match (/Users/karu/Sources/fixer/deps/tester/examples/test_regex.c++ 39:17)[0m
[32mrequire [M=std::equal_to, A=bool, E=bool]
  actual:   true
  expected: true
  location: /Users/karu/Sources/fixer/deps/tester/examples/test_regex.c++ 42:21[0m
[44mauto regex_test::feature()[0m
[34mscenario -> Regex pattern '^scenario.*path' matches both Happy and Failure path scenarios (/Users/karu/Sources/fixer/deps/tester/examples/test_regex.c++ 48:5)[0m
[34mgiven -> Test names 'scenario -> Happy path scenario' and 'scenario -> Failure path scenario' (/Users/karu/Sources/fixer/deps/tester/examples/test_regex.c++ 51:9)[0m
[34mwhen -> Checking if they match pattern '^scenario.*path' (/Users/karu/Sources/fixer/deps/tester/examples/test_regex.c++ 53:13)[0m
[34mthen -> Both should match (/Users/karu/Sources/fixer/deps/tester/examples/test_regex.c++ 55:17)[0m
[32mrequire [M=std::equal_to, A=bool, E=bool]
  actual:   true
  expected: true
  location: /Users/karu/Sources/fixer/deps/tester/examples/test_regex.c++ 59:21[0m
[32mrequire [M=std::equal_to, A=bool, E=bool]
  actual:   true
  expected: true
  location: /Users/karu/Sources/fixer/deps/tester/examples/test_regex.c++ 60:21[0m
[44mauto regex_test::feature()[0m
[34mscenario -> Regex pattern '.*integration.*' matches API integration test (/Users/karu/Sources/fixer/deps/tester/examples/test_regex.c++ 66:5)[0m
[34mgiven -> Test name 'scenario -> API integration test' (/Users/karu/Sources/fixer/deps/tester/examples/test_regex.c++ 69:9)[0m
[34mwhen -> Checking if it matches pattern '.*integration.*' (/Users/karu/Sources/fixer/deps/tester/examples/test_regex.c++ 71:13)[0m
[34mthen -> It should match (/Users/karu/Sources/fixer/deps/tester/examples/test_regex.c++ 73:17)[0m
[32mrequire [M=std::equal_to, A=bool, E=bool]
  actual:   true
  expected: true
  location: /Users/karu/Sources/fixer/deps/tester/examples/test_regex.c++ 76:21[0m
[44mauto regex_test::feature()[0m
[34mscenario -> Regex pattern '.*CRUD.*' matches CRUD operations test (/Users/karu/Sources/fixer/deps/tester/examples/test_regex.c++ 82:5)[0m
[34mgiven -> Test name 'scenario -> CRUD operations test' (/Users/karu/Sources/fixer/deps/tester/examples/test_regex.c++ 85:9)[0m
[34mwhen -> Checking if it matches pattern '.*CRUD.*' (/Users/karu/Sources/fixer/deps/tester/examples/test_regex.c++ 87:13)[0m
[34mthen -> It should match (/Users/karu/Sources/fixer/deps/tester/examples/test_regex.c++ 89:17)[0m
[32mrequire [M=std::equal_to, A=bool, E=bool]
  actual:   true
  expected: true
  location: /Users/karu/Sources/fixer/deps/tester/examples/test_regex.c++ 92:21[0m
[44mauto regex_test::feature()[0m
[34mscenario -> Simple substring pattern 'Happy' matches Happy path scenario (/Users/karu/Sources/fixer/deps/tester/examples/test_regex.c++ 98:5)[0m
[34mgiven -> Test name 'scenario -> Happy path scenario' (/Users/karu/Sources/fixer/deps/tester/examples/test_regex.c++ 101:9)[0m
[34mwhen -> Checking if it matches simple pattern 'Happy' (/Users/karu/Sources/fixer/deps/tester/examples/test_regex.c++ 103:13)[0m
[34mthen -> It should match (/Users/karu/Sources/fixer/deps/tester/examples/test_regex.c++ 105:17)[0m
[32mrequire [M=std::equal_to, A=bool, E=bool]
  actual:   true
  expected: true
  location: /Users/karu/Sources/fixer/deps/tester/examples/test_regex.c++ 108:21[0m
[44mauto regex_test::feature()[0m
[34mscenario -> Regex pattern 'scenario.*Happy' does not match Failure path scenario (/Users/karu/Sources/fixer/deps/tester/examples/test_regex.c++ 114:5)[0m
[34mgiven -> Test name 'scenario -> Failure path scenario' (/Users/karu/Sources/fixer/deps/tester/examples/test_regex.c++ 117:9)[0m
[34mwhen -> Checking if it matches pattern 'scenario.*Happy' (/Users/karu/Sources/fixer/deps/tester/examples/test_regex.c++ 119:13)[0m
[34mthen -> It should not match (/Users/karu/Sources/fixer/deps/tester/examples/test_regex.c++ 121:17)[0m
[32mrequire [M=std::equal_to, A=bool, E=bool]
  actual:   false
  expected: false
  location: /Users/karu/Sources/fixer/deps/tester/examples/test_regex.c++ 124:21[0m
[44mauto readme_unit_example::register_tests()[0m
[34mtest_case -> foo::add handles signed math (/Users/karu/Sources/fixer/deps/tester/examples/readme_unit_example.test.c++ 14:9)[0m
[32mrequire [M=std::equal_to, A=int, E=int]
  actual:   4
  expected: 4
  location: /Users/karu/Sources/fixer/deps/tester/examples/readme_unit_example.test.c++ 15:13[0m
[32mrequire [M=std::equal_to, A=int, E=int]
  actual:   -2
  expected: -2
  location: /Users/karu/Sources/fixer/deps/tester/examples/readme_unit_example.test.c++ 16:13[0m
[32mcheck [M=std::equal_to, A=int, E=int]
  actual:   0
  expected: 0
  location: /Users/karu/Sources/fixer/deps/tester/examples/readme_unit_example.test.c++ 17:13[0m
[44mauto readme_unit_example::register_tests()[0m
[34mtest_case -> foo::add with floating-point inputs (/Users/karu/Sources/fixer/deps/tester/examples/readme_unit_example.test.c++ 20:9)[0m
[32mrequire [M=tester::assertions::floating_point_equal, A=double, E=double]
  actual:   0.3
  expected: 0.3
  location: /Users/karu/Sources/fixer/deps/tester/examples/readme_unit_example.test.c++ 21:13[0m
[32mcheck [M=tester::assertions::floating_point_equal, A=double, E=double]
  actual:   0.3
  expected: 0.3
  location: /Users/karu/Sources/fixer/deps/tester/examples/readme_unit_example.test.c++ 22:13[0m
[32mrequire [M=tester::assertions::floating_point_equal, A=double, E=double]
  actual:   0
  expected: 0
  location: /Users/karu/Sources/fixer/deps/tester/examples/readme_unit_example.test.c++ 23:13[0m
[44mauto example_1::feature()[0m
[34mscenario -> Test case 1a (/Users/karu/Sources/fixer/deps/tester/examples/example_1.test.c++ 15:5)[0m
[34mgiven -> Customer wants to buy food (/Users/karu/Sources/fixer/deps/tester/examples/example_1.test.c++ 17:9)[0m
[34mwhen -> customers goes to a restaurant (/Users/karu/Sources/fixer/deps/tester/examples/example_1.test.c++ 19:13)[0m
[34mthen -> customer makes an order (/Users/karu/Sources/fixer/deps/tester/examples/example_1.test.c++ 21:17)[0m
[34mand_then -> food and drinks are delivered to the customer (/Users/karu/Sources/fixer/deps/tester/examples/example_1.test.c++ 23:21)[0m
[32mrequire [M=tester::assertions::floating_point_equal, A=double, E=double]
  actual:   123.45
  expected: 123.45
  location: /Users/karu/Sources/fixer/deps/tester/examples/example_1.test.c++ 25:25[0m
[32mrequire [M=std::not_equal_to, A=double, E=double]
  actual:   123.34
  expected: 456.876
  location: /Users/karu/Sources/fixer/deps/tester/examples/example_1.test.c++ 26:25[0m
[32mrequire [M=std::less, A=double, E=double]
  actual:   123.34
  expected: 234.56
  location: /Users/karu/Sources/fixer/deps/tester/examples/example_1.test.c++ 27:25[0m
[32mrequire [M=std::less_equal, A=double, E=double]
  actual:   123.34
  expected: 234.56
  location: /Users/karu/Sources/fixer/deps/tester/examples/example_1.test.c++ 28:25[0m
[32mrequire [M=std::greater, A=double, E=double]
  actual:   123.45
  expected: 123.4
  location: /Users/karu/Sources/fixer/deps/tester/examples/example_1.test.c++ 29:25[0m
[32mrequire [M=std::greater_equal, A=double, E=double]
  actual:   123.45
  expected: 123.4
  location: /Users/karu/Sources/fixer/deps/tester/examples/example_1.test.c++ 30:25[0m
[32mrequire [M=std::equal_to, A=bool, E=bool]
  actual:   true
  expected: true
  location: /Users/karu/Sources/fixer/deps/tester/examples/example_1.test.c++ 31:25[0m
[32mrequire [M=std::equal_to, A=bool, E=bool]
  actual:   false
  expected: false
  location: /Users/karu/Sources/fixer/deps/tester/examples/example_1.test.c++ 32:25[0m
[34mwhen -> customers calls WOLT (/Users/karu/Sources/fixer/deps/tester/examples/example_1.test.c++ 37:13)[0m
[34mand_when -> WOLT driver is available (/Users/karu/Sources/fixer/deps/tester/examples/example_1.test.c++ 39:17)[0m
[34mthen -> food and drinks are delievred to his home door (/Users/karu/Sources/fixer/deps/tester/examples/example_1.test.c++ 41:21)[0m
[31mrequire [M=std::equal_to, A=bool, E=bool]
  actual:   true
  expected: false
  location: /Users/karu/Sources/fixer/deps/tester/examples/example_1.test.c++ 43:25[0m
[41mAssertion failed then -> food and drinks are delievred to his home door (/Users/karu/Sources/fixer/deps/tester/examples/example_1.test.c++ 41:21)[0m
[44mauto example_1::feature()[0m
[34mscenario -> Test case 1b (/Users/karu/Sources/fixer/deps/tester/examples/example_1.test.c++ 53:5)[0m
[34mgiven -> Customer wants to drink only beer (/Users/karu/Sources/fixer/deps/tester/examples/example_1.test.c++ 55:9)[0m
[34mwhen -> customers goes to a restaurant (/Users/karu/Sources/fixer/deps/tester/examples/example_1.test.c++ 57:13)[0m
[34mthen -> customer gets wasted (/Users/karu/Sources/fixer/deps/tester/examples/example_1.test.c++ 59:17)[0m
[32mrequire [M=std::greater_equal, A=int, E=int]
  actual:   2
  expected: 2
  location: /Users/karu/Sources/fixer/deps/tester/examples/example_1.test.c++ 61:21[0m
[32mrequire [M=std::greater_equal, A=int, E=int]
  actual:   3
  expected: 2
  location: /Users/karu/Sources/fixer/deps/tester/examples/example_1.test.c++ 62:21[0m
[32mrequire [M=std::less_equal, A=double, E=double]
  actual:   2.2
  expected: 2.2
  location: /Users/karu/Sources/fixer/deps/tester/examples/example_1.test.c++ 63:21[0m
[32mrequire [M=std::less_equal, A=double, E=double]
  actual:   2.2
  expected: 3.2
  location: /Users/karu/Sources/fixer/deps/tester/examples/example_1.test.c++ 64:21[0m
[31mrequire [M=std::less_equal, A=double, E=int]
  actual:   2.2
  expected: 2
  location: /Users/karu/Sources/fixer/deps/tester/examples/example_1.test.c++ 65:21[0m
[41mAssertion failed then -> customer gets wasted (/Users/karu/Sources/fixer/deps/tester/examples/example_1.test.c++ 59:17)[0m
[44mauto ordering_example::test_set()[0m
[34mscenario -> High priority test runs first (/Users/karu/Sources/fixer/deps/tester/examples/ordering_example.test.c++ 17:5)[0m
[34mthen -> this runs after priority 0 tests (/Users/karu/Sources/fixer/deps/tester/examples/ordering_example.test.c++ 19:9)[0m
[32mrequire [M=std::equal_to, A=bool, E=bool]
  actual:   true
  expected: true
  location: /Users/karu/Sources/fixer/deps/tester/examples/ordering_example.test.c++ 21:13[0m
[44mauto ordering_example::test_set()[0m
[34mscenario -> Dependency overrides priority (/Users/karu/Sources/fixer/deps/tester/examples/ordering_example.test.c++ 53:5)[0m
[34mthen -> runs first despite lower priority (/Users/karu/Sources/fixer/deps/tester/examples/ordering_example.test.c++ 55:9)[0m
[32mrequire [M=std::equal_to, A=bool, E=bool]
  actual:   true
  expected: true
  location: /Users/karu/Sources/fixer/deps/tester/examples/ordering_example.test.c++ 57:13[0m
[44mauto ordering_example::test_set()[0m
[34mscenario -> Dependent test (/Users/karu/Sources/fixer/deps/tester/examples/ordering_example.test.c++ 43:5)[0m
[34mthen -> runs after test_a (/Users/karu/Sources/fixer/deps/tester/examples/ordering_example.test.c++ 45:9)[0m
[32mrequire [M=std::equal_to, A=bool, E=bool]
  actual:   true
  expected: true
  location: /Users/karu/Sources/fixer/deps/tester/examples/ordering_example.test.c++ 47:13[0m
[44mauto ordering_example::test_set()[0m
[34mscenario -> Depends on test_c (/Users/karu/Sources/fixer/deps/tester/examples/ordering_example.test.c++ 61:5)[0m
[34mthen -> runs after test_c even though it has lower priority (/Users/karu/Sources/fixer/deps/tester/examples/ordering_example.test.c++ 63:9)[0m
[32mrequire [M=std::equal_to, A=bool, E=bool]
  actual:   true
  expected: true
  location: /Users/karu/Sources/fixer/deps/tester/examples/ordering_example.test.c++ 65:13[0m
[31mTest failures:[0m
[34mthen -> food and drinks are delievred to his home door (/Users/karu/Sources/fixer/deps/tester/examples/example_1.test.c++ 41:21)[0m
[31mrequire [M=std::equal_to, A=bool, E=bool]
  actual:   true
  expected: false
  location: /Users/karu/Sources/fixer/deps/tester/examples/example_1.test.c++ 43:25[0m
[41mAssertion failed then -> food and drinks are delievred to his home door (/Users/karu/Sources/fixer/deps/tester/examples/example_1.test.c++ 41:21)[0m
[34mthen -> customer gets wasted (/Users/karu/Sources/fixer/deps/tester/examples/example_1.test.c++ 59:17)[0m
[32mrequire [M=std::greater_equal, A=int, E=int]
  actual:   2
  expected: 2
  location: /Users/karu/Sources/fixer/deps/tester/examples/example_1.test.c++ 61:21[0m
[32mrequire [M=std::greater_equal, A=int, E=int]
  actual:   3
  expected: 2
  location: /Users/karu/Sources/fixer/deps/tester/examples/example_1.test.c++ 62:21[0m
[32mrequire [M=std::less_equal, A=double, E=double]
  actual:   2.2
  expected: 2.2
  location: /Users/karu/Sources/fixer/deps/tester/examples/example_1.test.c++ 63:21[0m
[32mrequire [M=std::less_equal, A=double, E=double]
  actual:   2.2
  expected: 3.2
  location: /Users/karu/Sources/fixer/deps/tester/examples/example_1.test.c++ 64:21[0m
[31mrequire [M=std::less_equal, A=double, E=int]
  actual:   2.2
  expected: 2
  location: /Users/karu/Sources/fixer/deps/tester/examples/example_1.test.c++ 65:21[0m
[41mAssertion failed then -> customer gets wasted (/Users/karu/Sources/fixer/deps/tester/examples/example_1.test.c++ 59:17)[0m
[33mTest statistics:
tests:      128/136 passed (94.1%) | failed: 8
assertions: 121/179 passed (67.6%) | failed: 58[0m
[33mSlowest tests:[0m
  0ms  section -> test nothrow (/Users/karu/Sources/fixer/deps/tester/examples/foo-bar.test.c++ 32:9)
  0ms  section -> Test throw (/Users/karu/Sources/fixer/deps/tester/examples/foo-bar.test.c++ 44:9)
  0ms  section -> Test throws (/Users/karu/Sources/fixer/deps/tester/examples/foo-bar.test.c++ 38:9)
  0ms  then -> It should match (/Users/karu/Sources/fixer/deps/tester/examples/test_regex.c++ 23:17)
  0ms  then -> It should not match (/Users/karu/Sources/fixer/deps/tester/examples/test_regex.c++ 121:17)
  0ms  then -> Both should match (/Users/karu/Sources/fixer/deps/tester/examples/test_regex.c++ 55:17)
  0ms  test_case -> ContainerContains_String (/Users/karu/Sources/fixer/deps/tester/examples/container_assertions.test.c++ 52:5)
  0ms  then -> It should match (/Users/karu/Sources/fixer/deps/tester/examples/test_regex.c++ 89:17)
  0ms  then -> It should match (/Users/karu/Sources/fixer/deps/tester/examples/test_regex.c++ 73:17)
  0ms  and_then -> food and drinks are delivered to the customer (/Users/karu/Sources/fixer/deps/tester/examples/example_1.test.c++ 23:21)
  0ms  scenario -> Regex pattern 'scenario.*Happy' matches Happy path scenario (/Users/karu/Sources/fixer/deps/tester/examples/test_regex.c++ 16:5)
  0ms  test_case -> StringContains_Character (/Users/karu/Sources/fixer/deps/tester/examples/string_assertions.test.c++ 26:5)
  0ms  then -> customer gets wasted (/Users/karu/Sources/fixer/deps/tester/examples/example_1.test.c++ 59:17)
  0ms  test_case -> Module partition foo:bar's unit tests (/Users/karu/Sources/fixer/deps/tester/examples/foo-bar.test.c++ 18:5)
  0ms  then -> It should match (/Users/karu/Sources/fixer/deps/tester/examples/test_regex.c++ 39:17)
  0ms  test_case -> Check_throws_as_NonFatal (/Users/karu/Sources/fixer/deps/tester/examples/assertion_coverage.test.c++ 137:5)
  0ms  test_case -> Check_neq_NonFatal (/Users/karu/Sources/fixer/deps/tester/examples/assertion_coverage.test.c++ 23:5)
  0ms  test_case -> Check_nothrow_NonFatal (/Users/karu/Sources/fixer/deps/tester/examples/assertion_coverage.test.c++ 114:5)
  0ms  scenario -> Customer places an order (/Users/karu/Sources/fixer/deps/tester/examples/readme_bdd_example.test.c++ 22:5)
  0ms  test_case -> foo::add with floating-point inputs (/Users/karu/Sources/fixer/deps/tester/examples/readme_unit_example.test.c++ 20:9)
  0ms  test_case -> Check_throws_NonFatal (/Users/karu/Sources/fixer/deps/tester/examples/assertion_coverage.test.c++ 126:5)
  0ms  then -> food and drinks are delievred to his home door (/Users/karu/Sources/fixer/deps/tester/examples/example_1.test.c++ 41:21)
  0ms  test_case -> StringAssertions_EmptyString (/Users/karu/Sources/fixer/deps/tester/examples/string_assertions.test.c++ 87:5)
  0ms  test_case -> foo::add handles signed math (/Users/karu/Sources/fixer/deps/tester/examples/readme_unit_example.test.c++ 14:9)
  0ms  then -> It should match (/Users/karu/Sources/fixer/deps/tester/examples/test_regex.c++ 105:17)
  0ms  test_case -> ContainerContains_Integer (/Users/karu/Sources/fixer/deps/tester/examples/container_assertions.test.c++ 41:5)
  0ms  test_case -> ContainerEquality_Vectors (/Users/karu/Sources/fixer/deps/tester/examples/container_assertions.test.c++ 16:5)
  0ms  and_then -> food and drinks are delivered to the customer (/Users/karu/Sources/fixer/deps/tester/examples/example_2.test.c++ 26:21)
  0ms  test_case -> ContainerEquality_Mismatch (/Users/karu/Sources/fixer/deps/tester/examples/container_assertions.test.c++ 25:5)
  0ms  test_case -> StringStartsWith_Prefix (/Users/karu/Sources/fixer/deps/tester/examples/string_assertions.test.c++ 50:5)
  0ms  test_case -> StringEndsWith_Suffix (/Users/karu/Sources/fixer/deps/tester/examples/string_assertions.test.c++ 63:5)
  0ms  test_case -> Module foo's unit tests (/Users/karu/Sources/fixer/deps/tester/examples/foo.test.c++ 16:5)
  0ms  then -> requiring the values to be equal fails (/Users/karu/Sources/fixer/deps/tester/examples/example_3.test.c++ 20:17)
  0ms  then -> food and drinks are delievred to his home door (/Users/karu/Sources/fixer/deps/tester/examples/example_2.test.c++ 40:21)
  0ms  test_case -> StringContains_Substring (/Users/karu/Sources/fixer/deps/tester/examples/string_assertions.test.c++ 16:5)
  0ms  test_case -> StringContains_CaseSensitive (/Users/karu/Sources/fixer/deps/tester/examples/string_assertions.test.c++ 38:5)
  0ms  test_case -> ContainerEquality_DifferentSizes (/Users/karu/Sources/fixer/deps/tester/examples/container_assertions.test.c++ 33:5)
  0ms  test_case -> Check_lt_NonFatal (/Users/karu/Sources/fixer/deps/tester/examples/assertion_coverage.test.c++ 34:5)
  0ms  and_when -> having another when section (/Users/karu/Sources/fixer/deps/tester/examples/example_3.test.c++ 52:13)
  0ms  when -> customers goes to a restaurant (/Users/karu/Sources/fixer/deps/tester/examples/example_2.test.c++ 58:13)
  0ms  test_case -> StringAssertions_StringView (/Users/karu/Sources/fixer/deps/tester/examples/string_assertions.test.c++ 101:5)
  0ms  scenario -> Test case 3 (/Users/karu/Sources/fixer/deps/tester/examples/example_3.test.c++ 14:5)
  0ms  test_case -> Check_lteq_NonFatal (/Users/karu/Sources/fixer/deps/tester/examples/assertion_coverage.test.c++ 46:5)
  0ms  test_case -> Check_gteq_NonFatal (/Users/karu/Sources/fixer/deps/tester/examples/assertion_coverage.test.c++ 70:5)
  0ms  test_case -> StringHasSubstr_Alias (/Users/karu/Sources/fixer/deps/tester/examples/string_assertions.test.c++ 76:5)
  0ms  test_case -> Check_true_NonFatal (/Users/karu/Sources/fixer/deps/tester/examples/assertion_coverage.test.c++ 86:5)
  0ms  test_case -> NonFatal_ContinuesExecution (/Users/karu/Sources/fixer/deps/tester/examples/assertion_coverage.test.c++ 155:5)
  0ms  test_case -> Check_gt_NonFatal (/Users/karu/Sources/fixer/deps/tester/examples/assertion_coverage.test.c++ 58:5)
  0ms  scenario -> Regex pattern 'scenario.*Failure' matches Failure path scenario (/Users/karu/Sources/fixer/deps/tester/examples/test_regex.c++ 32:5)
  0ms  section -> foo:bar's test section (/Users/karu/Sources/fixer/deps/tester/examples/foo-bar.test.c++ 25:9)
  0ms  then -> submitting raises an error (/Users/karu/Sources/fixer/deps/tester/examples/readme_bdd_example.test.c++ 40:13)
  0ms  test_case -> Check_false_NonFatal (/Users/karu/Sources/fixer/deps/tester/examples/assertion_coverage.test.c++ 98:5)
  0ms  and_given -> another given section (/Users/karu/Sources/fixer/deps/tester/examples/example_3.test.c++ 36:9)
  0ms  scenario -> Regex pattern '^scenario.*path' matches both Happy and Failure path scenarios (/Users/karu/Sources/fixer/deps/tester/examples/test_regex.c++ 48:5)
  0ms  scenario -> Regex pattern '.*integration.*' matches API integration test (/Users/karu/Sources/fixer/deps/tester/examples/test_regex.c++ 66:5)
  0ms  given -> Customer wants to buy food (/Users/karu/Sources/fixer/deps/tester/examples/example_1.test.c++ 17:9)
  0ms  when -> true and false are compared (/Users/karu/Sources/fixer/deps/tester/examples/example_3.test.c++ 18:13)
  0ms  scenario -> Regex pattern 'scenario.*Happy' does not match Failure path scenario (/Users/karu/Sources/fixer/deps/tester/examples/test_regex.c++ 114:5)
  0ms  when -> having many when and then sections (/Users/karu/Sources/fixer/deps/tester/examples/example_3.test.c++ 40:13)
  0ms  then -> this runs before priority 1 tests (/Users/karu/Sources/fixer/deps/tester/examples/ordering_example.test.c++ 27:9)
  0ms  given -> Customer wants to buy food (/Users/karu/Sources/fixer/deps/tester/examples/example_2.test.c++ 18:9)
  0ms  scenario -> Regex pattern '.*CRUD.*' matches CRUD operations test (/Users/karu/Sources/fixer/deps/tester/examples/test_regex.c++ 82:5)
  0ms  then -> this runs after priority 0 tests (/Users/karu/Sources/fixer/deps/tester/examples/ordering_example.test.c++ 19:9)
  0ms  given -> Test name 'scenario -> Happy path scenario' (/Users/karu/Sources/fixer/deps/tester/examples/test_regex.c++ 19:9)
  0ms  then -> runs first despite lower priority (/Users/karu/Sources/fixer/deps/tester/examples/ordering_example.test.c++ 55:9)
  0ms  scenario -> Simple substring pattern 'Happy' matches Happy path scenario (/Users/karu/Sources/fixer/deps/tester/examples/test_regex.c++ 98:5)
  0ms  then -> runs after test_a (/Users/karu/Sources/fixer/deps/tester/examples/ordering_example.test.c++ 45:9)
  0ms  then -> runs after test_c even though it has lower priority (/Users/karu/Sources/fixer/deps/tester/examples/ordering_example.test.c++ 63:9)
  0ms  scenario -> Low priority test runs first (/Users/karu/Sources/fixer/deps/tester/examples/ordering_example.test.c++ 25:5)
  0ms  then -> the order is marked as submitted (/Users/karu/Sources/fixer/deps/tester/examples/readme_bdd_example.test.c++ 30:17)
  0ms  when -> customers calls WOLT (/Users/karu/Sources/fixer/deps/tester/examples/example_1.test.c++ 37:13)
  0ms  when -> customers calls WOLT (/Users/karu/Sources/fixer/deps/tester/examples/example_2.test.c++ 36:13)
  0ms  scenario -> High priority test runs first (/Users/karu/Sources/fixer/deps/tester/examples/ordering_example.test.c++ 17:5)
  0ms  scenario -> Test case 1a (/Users/karu/Sources/fixer/deps/tester/examples/example_1.test.c++ 15:5)
  0ms  then -> customer makes an order (/Users/karu/Sources/fixer/deps/tester/examples/example_2.test.c++ 24:17)
  0ms  scenario -> Happy path scenario (/Users/karu/Sources/fixer/deps/tester/examples/regex_example.test.c++ 15:5)
  0ms  given -> Test name 'scenario -> Happy path scenario' (/Users/karu/Sources/fixer/deps/tester/examples/test_regex.c++ 101:9)
  0ms  then -> customer makes an order (/Users/karu/Sources/fixer/deps/tester/examples/example_1.test.c++ 21:17)
  0ms  given -> Test name 'scenario -> Failure path scenario' (/Users/karu/Sources/fixer/deps/tester/examples/test_regex.c++ 35:9)
  0ms  scenario -> Test case 2a (/Users/karu/Sources/fixer/deps/tester/examples/example_2.test.c++ 16:5)
  0ms  given -> a draft order (/Users/karu/Sources/fixer/deps/tester/examples/readme_bdd_example.test.c++ 27:9)
  0ms  given -> a faulty payment gateway (/Users/karu/Sources/fixer/deps/tester/examples/readme_bdd_example.test.c++ 39:9)
  0ms  when -> Happy path action (/Users/karu/Sources/fixer/deps/tester/examples/regex_example.test.c++ 19:13)
  0ms  given -> Test name 'scenario -> CRUD operations test' (/Users/karu/Sources/fixer/deps/tester/examples/test_regex.c++ 85:9)
  0ms  scenario -> Test case 1b (/Users/karu/Sources/fixer/deps/tester/examples/example_1.test.c++ 53:5)
  0ms  scenario -> Depends on test_c (/Users/karu/Sources/fixer/deps/tester/examples/ordering_example.test.c++ 61:5)
  0ms  test_case -> ContainerContains_Empty (/Users/karu/Sources/fixer/deps/tester/examples/container_assertions.test.c++ 63:5)
  0ms  when -> Checking if it matches pattern '.*CRUD.*' (/Users/karu/Sources/fixer/deps/tester/examples/test_regex.c++ 87:13)
  0ms  when -> Checking if it matches pattern 'scenario.*Happy' (/Users/karu/Sources/fixer/deps/tester/examples/test_regex.c++ 119:13)
  0ms  scenario -> Dependency overrides priority (/Users/karu/Sources/fixer/deps/tester/examples/ordering_example.test.c++ 53:5)
  0ms  when -> the customer confirms (/Users/karu/Sources/fixer/deps/tester/examples/readme_bdd_example.test.c++ 28:13)
  0ms  scenario -> Submission fails (/Users/karu/Sources/fixer/deps/tester/examples/readme_bdd_example.test.c++ 38:5)
  0ms  when -> Checking if it matches pattern 'scenario.*Happy' (/Users/karu/Sources/fixer/deps/tester/examples/test_regex.c++ 21:13)
  0ms  when -> Checking if it matches pattern '.*integration.*' (/Users/karu/Sources/fixer/deps/tester/examples/test_regex.c++ 71:13)
  0ms  given -> Customer wants to drink only beer (/Users/karu/Sources/fixer/deps/tester/examples/example_1.test.c++ 55:9)
  0ms  given -> Simple test to verify assertions (/Users/karu/Sources/fixer/deps/tester/examples/example_3.test.c++ 16:9)
  0ms  given -> Setup for happy path (/Users/karu/Sources/fixer/deps/tester/examples/regex_example.test.c++ 17:9)
  0ms  given -> Test name 'scenario -> API integration test' (/Users/karu/Sources/fixer/deps/tester/examples/test_regex.c++ 69:9)
  0ms  when -> customers goes to a restaurant (/Users/karu/Sources/fixer/deps/tester/examples/example_1.test.c++ 19:13)
  0ms  and_when -> WOLT driver is available (/Users/karu/Sources/fixer/deps/tester/examples/example_1.test.c++ 39:17)
  0ms  when -> Checking if it matches pattern 'scenario.*Failure' (/Users/karu/Sources/fixer/deps/tester/examples/test_regex.c++ 37:13)
  0ms  given -> Test name 'scenario -> Failure path scenario' (/Users/karu/Sources/fixer/deps/tester/examples/test_regex.c++ 117:9)
  0ms  and_then -> requiring the values to be not equal succeeds (/Users/karu/Sources/fixer/deps/tester/examples/example_3.test.c++ 27:17)
  0ms  given -> Customer wants to drink only beer (/Users/karu/Sources/fixer/deps/tester/examples/example_2.test.c++ 56:9)
  0ms  given -> Test names 'scenario -> Happy path scenario' and 'scenario -> Failure path scenario' (/Users/karu/Sources/fixer/deps/tester/examples/test_regex.c++ 51:9)
  0ms  when -> Checking if they match pattern '^scenario.*path' (/Users/karu/Sources/fixer/deps/tester/examples/test_regex.c++ 53:13)
  0ms  when -> customers goes to a restaurant (/Users/karu/Sources/fixer/deps/tester/examples/example_2.test.c++ 20:13)
  0ms  scenario -> Test case 2b (/Users/karu/Sources/fixer/deps/tester/examples/example_2.test.c++ 54:5)
  0ms  scenario -> Failure path scenario (/Users/karu/Sources/fixer/deps/tester/examples/regex_example.test.c++ 29:5)
  0ms  scenario -> API integration test (/Users/karu/Sources/fixer/deps/tester/examples/regex_example.test.c++ 57:5)
  0ms  scenario -> Dependent test (/Users/karu/Sources/fixer/deps/tester/examples/ordering_example.test.c++ 43:5)
  0ms  and_when -> WOLT driver is available (/Users/karu/Sources/fixer/deps/tester/examples/example_2.test.c++ 38:17)
  0ms  when -> Making API call (/Users/karu/Sources/fixer/deps/tester/examples/regex_example.test.c++ 61:13)
  0ms  when -> customers goes to a restaurant (/Users/karu/Sources/fixer/deps/tester/examples/example_1.test.c++ 57:13)
  0ms  when -> Checking if it matches simple pattern 'Happy' (/Users/karu/Sources/fixer/deps/tester/examples/test_regex.c++ 103:13)
  0ms  scenario -> CRUD operations test (/Users/karu/Sources/fixer/deps/tester/examples/regex_example.test.c++ 43:5)
  0ms  given -> Database setup (/Users/karu/Sources/fixer/deps/tester/examples/regex_example.test.c++ 45:9)
  0ms  given -> Network setup (/Users/karu/Sources/fixer/deps/tester/examples/regex_example.test.c++ 73:9)
  0ms  given -> API client setup (/Users/karu/Sources/fixer/deps/tester/examples/regex_example.test.c++ 59:9)
  0ms  when -> Testing connection (/Users/karu/Sources/fixer/deps/tester/examples/regex_example.test.c++ 75:13)
  0ms  scenario -> Independent test (/Users/karu/Sources/fixer/deps/tester/examples/ordering_example.test.c++ 35:5)
  0ms  when -> Failure action (/Users/karu/Sources/fixer/deps/tester/examples/regex_example.test.c++ 33:13)
  0ms  when -> Creating record (/Users/karu/Sources/fixer/deps/tester/examples/regex_example.test.c++ 47:13)
  0ms  given -> Setup for failure (/Users/karu/Sources/fixer/deps/tester/examples/regex_example.test.c++ 31:9)
  0ms  scenario -> Network connectivity test (/Users/karu/Sources/fixer/deps/tester/examples/regex_example.test.c++ 71:5)
  0ms  then -> Happy path result (/Users/karu/Sources/fixer/deps/tester/examples/regex_example.test.c++ 21:17)
  0ms  then -> runs first (/Users/karu/Sources/fixer/deps/tester/examples/ordering_example.test.c++ 37:9)
  0ms  then -> Connection established (/Users/karu/Sources/fixer/deps/tester/examples/regex_example.test.c++ 77:17)
  0ms  then -> API response received (/Users/karu/Sources/fixer/deps/tester/examples/regex_example.test.c++ 63:17)
  0ms  then -> Failure result (/Users/karu/Sources/fixer/deps/tester/examples/regex_example.test.c++ 35:17)
  0ms  then -> Record created (/Users/karu/Sources/fixer/deps/tester/examples/regex_example.test.c++ 49:17)
  0ms  and_then -> it also works (/Users/karu/Sources/fixer/deps/tester/examples/example_3.test.c++ 64:17)
  0ms  then -> it works (/Users/karu/Sources/fixer/deps/tester/examples/example_3.test.c++ 42:17)
  0ms  and_then -> it works (/Users/karu/Sources/fixer/deps/tester/examples/example_3.test.c++ 47:17)
  0ms  then -> it also works (/Users/karu/Sources/fixer/deps/tester/examples/example_3.test.c++ 54:17)
  0ms  and_then -> it also works (/Users/karu/Sources/fixer/deps/tester/examples/example_3.test.c++ 59:17)
